<?xml version="1.0" encoding="UTF-8"?>
<!-- Generated by org.testng.reporters.JUnitReportReporter -->
<testsuite skipped="0" hostname="DILNAIDU-DKZNF" name="com.appiumTest.AndroidTest.Practise" tests="1" failures="0" timestamp="07 Jun 2018 20:29:06 GMT" time="16.363" errors="0">
  <testcase name="iterationTest" time="16.363" classname="com.appiumTest.AndroidTest.Practise"/>
</testsuite> <!-- com.appiumTest.AndroidTest.Practise -->
