<?xml version="1.0" encoding="UTF-8"?>
<!-- Generated by org.testng.reporters.JUnitReportReporter -->
<testsuite skipped="0" hostname="DILNAIDU-DKZNF" name="com.appiumTest.AndroidTest.DataStructure" tests="1" failures="0" timestamp="25 Jun 2018 17:33:40 GMT" time="0.019" errors="0">
  <testcase name="BubbleSort" time="0.019" classname="com.appiumTest.AndroidTest.DataStructure"/>
</testsuite> <!-- com.appiumTest.AndroidTest.DataStructure -->
