<?xml version="1.0" encoding="UTF-8"?>
<!-- Generated by org.testng.reporters.JUnitReportReporter -->
<testsuite skipped="0" hostname="DILNAIDU-DKZNF" name="com.CucumberRunner.TestRunner2" tests="1" failures="0" timestamp="14 Jun 2018 21:03:19 GMT" time="42.252" errors="0">
  <testcase name="feature" time="42.252" classname="com.CucumberRunner.TestRunner2"/>
</testsuite> <!-- com.CucumberRunner.TestRunner2 -->
